<?xml version="1.0" encoding="UTF-8"?>
<!-- Generated by org.testng.reporters.JUnitXMLReporter -->
<testsuite ignored="0" hostname="DESKTOP-N1NG7JA" failures="0" tests="3" name="Test2" time="40.152" errors="0" timestamp="2024-06-18T15:30:01 IST">
  <testcase classname="com.comcast.crm.contactModuleTest.CreateContactTest" name="createContactTest" time="28.42"/>
  <testcase classname="com.comcast.crm.contactModuleTest.CreateContactTest" name="createContactWithOrgTest" time="0.0">
    <skipped/>
  </testcase> <!-- createContactWithOrgTest -->
  <testcase classname="com.comcast.crm.contactModuleTest.CreateContactTest" name="createContactWithSupportDateTest" time="0.001">
    <skipped/>
  </testcase> <!-- createContactWithSupportDateTest -->
</testsuite> <!-- Test2 -->
