<?xml version="1.0" encoding="UTF-8"?>
<!-- Generated by org.testng.reporters.JUnitXMLReporter -->
<testsuite ignored="2" hostname="DESKTOP-N1NG7JA" failures="0" tests="1" name="Test" time="29.86" errors="0" timestamp="2024-06-24T12:45:49 IST">
  <testcase classname="com.comcast.crm.organizationmoduleTest.CreateOrganizationTest" name="createOrgTest" time="18.405"/>
  <testcase classname="com.comcast.crm.organizationmoduleTest.CreateOrganizationTest" name="createOrgWithPhNumberTest" time="0.0">
    <ignored/>
  </testcase> <!-- createOrgWithPhNumberTest -->
  <testcase classname="com.comcast.crm.organizationmoduleTest.CreateOrganizationTest" name="createOrgWithIndustryAndIndTypeTest" time="0.0">
    <ignored/>
  </testcase> <!-- createOrgWithIndustryAndIndTypeTest -->
</testsuite> <!-- Test -->
