<?xml version="1.0" encoding="UTF-8"?>
<!-- Generated by org.testng.reporters.JUnitXMLReporter -->
<testsuite ignored="2" hostname="DESKTOP-N1NG7JA" failures="0" tests="1" name="Test" time="21.663" errors="0" timestamp="2024-06-27T16:55:40 IST">
  <testcase classname="com.comcast.crm.organizationmoduleTest.CreateOrganizationTest" name="createOrgTest" time="12.711"/>
  <testcase classname="com.comcast.crm.organizationmoduleTest.CreateOrganizationTest" name="createOrgWithPhNumberTest" time="0.0">
    <ignored/>
  </testcase> <!-- createOrgWithPhNumberTest -->
  <testcase classname="com.comcast.crm.organizationmoduleTest.CreateOrganizationTest" name="createOrgWithIndustryAndIndTypeTest" time="0.0">
    <ignored/>
  </testcase> <!-- createOrgWithIndustryAndIndTypeTest -->
</testsuite> <!-- Test -->
