<?xml version="1.0" encoding="UTF-8"?>
<!-- Generated by org.testng.reporters.JUnitXMLReporter -->
<testsuite ignored="2" hostname="DESKTOP-N1NG7JA" failures="0" tests="1" name="Test1" time="29.067" errors="0" timestamp="2024-06-21T18:30:28 IST">
  <testcase classname="com.comcast.crm.contactModuleTest.CreateContactTest" name="createContactTest" time="12.683"/>
  <testcase classname="com.comcast.crm.contactModuleTest.CreateContactTest" name="createContactWithOrgTest" time="0.0">
    <ignored/>
  </testcase> <!-- createContactWithOrgTest -->
  <testcase classname="com.comcast.crm.contactModuleTest.CreateContactTest" name="createContactWithSupportDateTest" time="0.0">
    <ignored/>
  </testcase> <!-- createContactWithSupportDateTest -->
</testsuite> <!-- Test1 -->
