<?xml version="1.0" encoding="UTF-8"?>
<testng-results ignored="0" total="1" passed="1" failed="0" skipped="0">
  <reporter-output>
    <line>
      <![CDATA[Test case Executed Sucessfully createOrgTest]]>
    </line>
  </reporter-output>
  <suite started-at="2024-06-27T16:55:18 IST" name="Suite" finished-at="2024-06-27T16:55:40 IST" duration-ms="21663">
    <groups>
      <group name="SmokeTest">
        <method signature="CreateOrganizationTest.createOrgTest()[pri:0, instance:com.comcast.crm.organizationmoduleTest.CreateOrganizationTest@53045c6c]" name="createOrgTest" class="com.comcast.crm.organizationmoduleTest.CreateOrganizationTest"/>
      </group> <!-- SmokeTest -->
    </groups>
    <test started-at="2024-06-27T16:55:18 IST" name="Test" finished-at="2024-06-27T16:55:40 IST" duration-ms="21663">
      <class name="com.comcast.crm.organizationmoduleTest.CreateOrganizationTest">
        <test-method is-config="true" signature="configBeforeSuit()[pri:0, instance:com.comcast.crm.organizationmoduleTest.CreateOrganizationTest@53045c6c]" started-at="2024-06-27T16:55:17 IST" name="configBeforeSuit" finished-at="2024-06-27T16:55:18 IST" duration-ms="388" status="PASS">
          <reporter-output>
          </reporter-output>
        </test-method> <!-- configBeforeSuit -->
        <test-method is-config="true" signature="configBeforeClass()[pri:0, instance:com.comcast.crm.organizationmoduleTest.CreateOrganizationTest@53045c6c]" started-at="2024-06-27T16:55:18 IST" name="configBeforeClass" finished-at="2024-06-27T16:55:21 IST" duration-ms="2708" status="PASS">
          <reporter-output>
          </reporter-output>
        </test-method> <!-- configBeforeClass -->
        <test-method is-config="true" signature="configBM()[pri:0, instance:com.comcast.crm.organizationmoduleTest.CreateOrganizationTest@53045c6c]" started-at="2024-06-27T16:55:21 IST" name="configBM" finished-at="2024-06-27T16:55:25 IST" duration-ms="4310" status="PASS">
          <reporter-output>
          </reporter-output>
        </test-method> <!-- configBM -->
        <test-method signature="createOrgTest()[pri:0, instance:com.comcast.crm.organizationmoduleTest.CreateOrganizationTest@53045c6c]" started-at="2024-06-27T16:55:25 IST" name="createOrgTest" finished-at="2024-06-27T16:55:38 IST" duration-ms="12711" status="PASS">
          <reporter-output>
            <line>
              <![CDATA[Test case Executed Sucessfully createOrgTest]]>
            </line>
          </reporter-output>
        </test-method> <!-- createOrgTest -->
        <test-method is-config="true" signature="createAM()[pri:0, instance:com.comcast.crm.organizationmoduleTest.CreateOrganizationTest@53045c6c]" started-at="2024-06-27T16:55:38 IST" name="createAM" finished-at="2024-06-27T16:55:39 IST" duration-ms="1523" status="PASS">
          <reporter-output>
          </reporter-output>
        </test-method> <!-- createAM -->
        <test-method is-config="true" signature="configAfterClass()[pri:0, instance:com.comcast.crm.organizationmoduleTest.CreateOrganizationTest@53045c6c]" started-at="2024-06-27T16:55:39 IST" name="configAfterClass" finished-at="2024-06-27T16:55:40 IST" duration-ms="332" status="PASS">
          <reporter-output>
          </reporter-output>
        </test-method> <!-- configAfterClass -->
        <test-method is-config="true" signature="configAfterSuit()[pri:0, instance:com.comcast.crm.organizationmoduleTest.CreateOrganizationTest@53045c6c]" started-at="2024-06-27T16:55:40 IST" name="configAfterSuit" finished-at="2024-06-27T16:55:40 IST" duration-ms="10" status="PASS">
          <reporter-output>
          </reporter-output>
        </test-method> <!-- configAfterSuit -->
      </class> <!-- com.comcast.crm.organizationmoduleTest.CreateOrganizationTest -->
    </test> <!-- Test -->
  </suite> <!-- Suite -->
</testng-results>
